  animation.cpp
c:\users\51604\desktop\gcc-cl-master\gcc-collector\gcc-collector\animation.cpp(6): fatal error C1083: 无法打开包括文件: “natives.h”: No such file or directory
  camera.cpp
c:\users\51604\desktop\gcc-cl-master\gcc-collector\gcc-collector\camera.h(3): fatal error C1083: 无法打开包括文件: “natives.h”: No such file or directory
  createCrowd.cpp
c:\users\51604\desktop\gcc-cl-master\gcc-collector\gcc-collector\createcrowd.h(4): fatal error C1083: 无法打开包括文件: “natives.h”: No such file or directory
  defineArea.cpp
c:\users\51604\desktop\gcc-cl-master\gcc-collector\gcc-collector\definearea.h(2): fatal error C1083: 无法打开包括文件: “natives.h”: No such file or directory
  export.cpp
c:\users\51604\desktop\gcc-cl-master\gcc-collector\packages\eigen.3.3.3\build\native\include\eigen\src\core\arch\cuda\half.h : warning C4819: 该文件包含不能在当前代码页(936)中表示的字符。请将该文件保存为 Unicode 格式以防止数据丢失
c:\users\51604\desktop\gcc-cl-master\gcc-collector\gcc-collector\export.cpp(2): fatal error C1083: 无法打开包括文件: “nativeCaller.h”: No such file or directory
  infoIO.cpp
c:\users\51604\desktop\gcc-cl-master\gcc-collector\gcc-collector\infoio.cpp(1): fatal error C1083: 无法打开包括文件: “types.h”: No such file or directory
  keyboard.cpp
c:\users\51604\desktop\gcc-cl-master\gcc-collector\gcc-collector\keyboard.h(2): fatal error C1083: 无法打开包括文件: “types.h”: No such file or directory
  main.cpp
c:\users\51604\desktop\gcc-cl-master\gcc-collector\gcc-collector\main.cpp(1): fatal error C1083: 无法打开包括文件: “main.h”: No such file or directory
  script.cpp
c:\users\51604\desktop\gcc-cl-master\gcc-collector\gcc-collector\script.h(2): fatal error C1083: 无法打开包括文件: “natives.h”: No such file or directory
  setLevel.cpp
c:\users\51604\desktop\gcc-cl-master\gcc-collector\gcc-collector\keyboard.h(2): fatal error C1083: 无法打开包括文件: “types.h”: No such file or directory
  utils.cpp
c:\users\51604\desktop\gcc-cl-master\gcc-collector\gcc-collector\utils.h(12): fatal error C1083: 无法打开包括文件: “types.h”: No such file or directory
  正在生成代码...
